<?xml version="1.0" encoding="UTF-8"?>
<testng-results skipped="0" failed="1" ignored="0" total="1" passed="0">
  <reporter-output>
  </reporter-output>
  <suite name="Ocean" duration-ms="100229" started-at="2019-12-30T10:16:50 IST" finished-at="2019-12-30T10:18:30 IST">
    <groups>
      <group name="regression">
        <method signature="OCEAN_Pricing_TC_05_06.validatePremiumCalculationForMasterAndSubMasterPriceSheet([Ljava.lang.String;)[pri:1, instance:ocean.test.condition.pricing.OCEAN_Pricing_TC_05_06@2362f559]" name="validatePremiumCalculationForMasterAndSubMasterPriceSheet" class="ocean.test.condition.pricing.OCEAN_Pricing_TC_05_06"/>
      </group> <!-- regression -->
    </groups>
    <test name="Cancellation" duration-ms="100229" started-at="2019-12-30T10:16:50 IST" finished-at="2019-12-30T10:18:30 IST">
      <class name="ocean.test.condition.pricing.OCEAN_Pricing_TC_05_06">
        <test-method status="PASS" signature="setup(org.testng.ITestContext)[pri:0, instance:ocean.test.condition.pricing.OCEAN_Pricing_TC_05_06@2362f559]" name="setup" is-config="true" duration-ms="7507" started-at="2019-12-30T10:16:43 IST" finished-at="2019-12-30T10:16:50 IST">
          <params>
            <param index="0">
              <value>
                <![CDATA[org.testng.TestRunner@6232ffdb]]>
              </value>
            </param>
          </params>
          <reporter-output>
          </reporter-output>
        </test-method> <!-- setup -->
        <test-method status="PASS" signature="createParent(org.testng.ITestContext)[pri:0, instance:ocean.test.condition.pricing.OCEAN_Pricing_TC_05_06@2362f559]" name="createParent" is-config="true" duration-ms="6" started-at="2019-12-30T10:16:50 IST" finished-at="2019-12-30T10:16:50 IST">
          <params>
            <param index="0">
              <value>
                <![CDATA[org.testng.TestRunner@6232ffdb]]>
              </value>
            </param>
          </params>
          <reporter-output>
          </reporter-output>
        </test-method> <!-- createParent -->
        <test-method status="PASS" signature="screenshot()[pri:0, instance:ocean.test.condition.pricing.OCEAN_Pricing_TC_05_06@2362f559]" name="screenshot" is-config="true" duration-ms="1" started-at="2019-12-30T10:16:51 IST" finished-at="2019-12-30T10:16:51 IST">
          <reporter-output>
          </reporter-output>
        </test-method> <!-- screenshot -->
        <test-method status="FAIL" signature="validatePremiumCalculationForMasterAndSubMasterPriceSheet([Ljava.lang.String;)[pri:1, instance:ocean.test.condition.pricing.OCEAN_Pricing_TC_05_06@2362f559]" name="validatePremiumCalculationForMasterAndSubMasterPriceSheet" duration-ms="98986" started-at="2019-12-30T10:16:51 IST" description="Validate premium calculation for multiple contracts from same master and sub-master price sheet" data-provider="fetchDataForTC_05_06" finished-at="2019-12-30T10:18:30 IST">
          <params>
            <param index="0">
              <value>
                <![CDATA[[Ljava.lang.String;@360bc645]]>
              </value>
            </param>
          </params>
          <exception class="org.openqa.selenium.TimeoutException">
            <message>
              <![CDATA[Expected condition failed: waiting for visibility of element located by By.xpath: //*[@AutomationId='detailsToggle'] (tried for 10 second(s) with 500 milliseconds interval)]]>
            </message>
            <full-stacktrace>
              <![CDATA[org.openqa.selenium.TimeoutException: Expected condition failed: waiting for visibility of element located by By.xpath: //*[@AutomationId='detailsToggle'] (tried for 10 second(s) with 500 milliseconds interval)
at org.openqa.selenium.support.ui.WebDriverWait.timeoutException(WebDriverWait.java:95)
at org.openqa.selenium.support.ui.FluentWait.until(FluentWait.java:272)
at ocean.common.Keywords.click(Keywords.java:31)
at ocean.modules.pages.UnderwritingModulePages.searchContractwithPendingState(UnderwritingModulePages.java:25)
at ocean.test.condition.pricing.OCEAN_Pricing_TC_05_06.validatePremiumCalculationForMasterAndSubMasterPriceSheet(OCEAN_Pricing_TC_05_06.java:40)
at sun.reflect.NativeMethodAccessorImpl.invoke0(Native Method)
at sun.reflect.NativeMethodAccessorImpl.invoke(Unknown Source)
at sun.reflect.DelegatingMethodAccessorImpl.invoke(Unknown Source)
at java.lang.reflect.Method.invoke(Unknown Source)
at org.testng.internal.MethodInvocationHelper.invokeMethod(MethodInvocationHelper.java:133)
at org.testng.internal.TestInvoker.invokeMethod(TestInvoker.java:584)
at org.testng.internal.TestInvoker.invokeTestMethod(TestInvoker.java:172)
at org.testng.internal.MethodRunner.runInSequence(MethodRunner.java:46)
at org.testng.internal.TestInvoker$MethodInvocationAgent.invoke(TestInvoker.java:804)
at org.testng.internal.TestInvoker.invokeTestMethods(TestInvoker.java:145)
at org.testng.internal.TestMethodWorker.invokeTestMethods(TestMethodWorker.java:146)
at org.testng.internal.TestMethodWorker.run(TestMethodWorker.java:128)
at java.util.ArrayList.forEach(Unknown Source)
at org.testng.TestRunner.privateRun(TestRunner.java:770)
at org.testng.TestRunner.run(TestRunner.java:591)
at org.testng.SuiteRunner.runTest(SuiteRunner.java:402)
at org.testng.SuiteRunner.runSequentially(SuiteRunner.java:396)
at org.testng.SuiteRunner.privateRun(SuiteRunner.java:355)
at org.testng.SuiteRunner.run(SuiteRunner.java:304)
at org.testng.SuiteRunnerWorker.runSuite(SuiteRunnerWorker.java:53)
at org.testng.SuiteRunnerWorker.run(SuiteRunnerWorker.java:96)
at org.testng.TestNG.runSuitesSequentially(TestNG.java:1180)
at org.testng.TestNG.runSuitesLocally(TestNG.java:1102)
at org.testng.TestNG.runSuites(TestNG.java:1032)
at org.testng.TestNG.run(TestNG.java:1000)
at org.testng.remote.AbstractRemoteTestNG.run(AbstractRemoteTestNG.java:115)
at org.testng.remote.RemoteTestNG.initAndRun(RemoteTestNG.java:251)
at org.testng.remote.RemoteTestNG.main(RemoteTestNG.java:77)
Caused by: org.openqa.selenium.NoSuchElementException: An element could not be located on the page using the given search parameters. (WARNING: The server did not provide any stacktrace information)
Command duration or timeout: 0 milliseconds
For documentation on this error, please visit: https://www.seleniumhq.org/exceptions/no_such_element.html
Build info: version: '3.141.59', revision: 'e82be7d358', time: '2018-11-14T08:17:03'
System info: host: 'LAP-TZD-0X74796', ip: '10.55.55.153', os.name: 'Windows 10', os.arch: 'amd64', os.version: '10.0', java.version: '1.8.0_121'
Driver info: io.appium.java_client.windows.WindowsDriver
Capabilities {app: C:\Users\mohit.goel\AppData..., deviceName: LAP-TZD-0X74796, javascriptEnabled: true, platform: WINDOWS, platformName: WINDOWS}
Session ID: 27d24c6a-e44d-4942-bfa9-b7fe63983f70
*** Element info: {Using=xpath, value=//*[@AutomationId='detailsToggle']}
at sun.reflect.NativeConstructorAccessorImpl.newInstance0(Native Method)
at sun.reflect.NativeConstructorAccessorImpl.newInstance(Unknown Source)
at sun.reflect.DelegatingConstructorAccessorImpl.newInstance(Unknown Source)
at java.lang.reflect.Constructor.newInstance(Unknown Source)
at org.openqa.selenium.remote.ErrorHandler.createThrowable(ErrorHandler.java:214)
at org.openqa.selenium.remote.ErrorHandler.throwIfResponseFailed(ErrorHandler.java:166)
at org.openqa.selenium.remote.http.JsonHttpResponseCodec.reconstructValue(JsonHttpResponseCodec.java:40)
at org.openqa.selenium.remote.http.AbstractHttpResponseCodec.decode(AbstractHttpResponseCodec.java:80)
at org.openqa.selenium.remote.http.AbstractHttpResponseCodec.decode(AbstractHttpResponseCodec.java:44)
at org.openqa.selenium.remote.HttpCommandExecutor.execute(HttpCommandExecutor.java:158)
at io.appium.java_client.remote.AppiumCommandExecutor.execute(AppiumCommandExecutor.java:231)
at org.openqa.selenium.remote.RemoteWebDriver.execute(RemoteWebDriver.java:552)
at io.appium.java_client.DefaultGenericMobileDriver.execute(DefaultGenericMobileDriver.java:42)
at io.appium.java_client.AppiumDriver.execute(AppiumDriver.java:1)
at io.appium.java_client.windows.WindowsDriver.execute(WindowsDriver.java:1)
at org.openqa.selenium.remote.RemoteWebDriver.findElement(RemoteWebDriver.java:323)
at io.appium.java_client.DefaultGenericMobileDriver.findElement(DefaultGenericMobileDriver.java:62)
at io.appium.java_client.AppiumDriver.findElement(AppiumDriver.java:1)
at io.appium.java_client.windows.WindowsDriver.findElement(WindowsDriver.java:1)
at org.openqa.selenium.remote.RemoteWebDriver.findElementByXPath(RemoteWebDriver.java:428)
at io.appium.java_client.DefaultGenericMobileDriver.findElementByXPath(DefaultGenericMobileDriver.java:152)
at io.appium.java_client.AppiumDriver.findElementByXPath(AppiumDriver.java:1)
at io.appium.java_client.windows.WindowsDriver.findElementByXPath(WindowsDriver.java:1)
at org.openqa.selenium.By$ByXPath.findElement(By.java:353)
at org.openqa.selenium.remote.RemoteWebDriver.findElement(RemoteWebDriver.java:315)
at io.appium.java_client.DefaultGenericMobileDriver.findElement(DefaultGenericMobileDriver.java:58)
at io.appium.java_client.AppiumDriver.findElement(AppiumDriver.java:1)
at io.appium.java_client.windows.WindowsDriver.findElement(WindowsDriver.java:1)
at org.openqa.selenium.support.ui.ExpectedConditions$7.apply(ExpectedConditions.java:205)
at org.openqa.selenium.support.ui.ExpectedConditions$7.apply(ExpectedConditions.java:201)
at org.openqa.selenium.support.ui.FluentWait.until(FluentWait.java:249)
... 31 more
]]>
            </full-stacktrace>
          </exception> <!-- org.openqa.selenium.TimeoutException -->
          <reporter-output>
          </reporter-output>
        </test-method> <!-- validatePremiumCalculationForMasterAndSubMasterPriceSheet -->
        <test-method status="PASS" signature="tearDown(org.testng.ITestResult, org.testng.ITestContext)[pri:0, instance:ocean.test.condition.pricing.OCEAN_Pricing_TC_05_06@2362f559]" name="tearDown" is-config="true" duration-ms="431" started-at="2019-12-30T10:18:30 IST" finished-at="2019-12-30T10:18:30 IST">
          <params>
            <param index="0">
              <value>
                <![CDATA[[TestResult name=validatePremiumCalculationForMasterAndSubMasterPriceSheet status=FAILURE method=OCEAN_Pricing_TC_05_06.validatePremiumCalculationForMasterAndSubMasterPriceSheet([Ljava.lang.String;)[pri:1, instance:ocean.test.condition.pricing.OCEAN_Pricing_TC_05_06@2362f559] output={null}]]]>
              </value>
            </param>
            <param index="1">
              <value>
                <![CDATA[org.testng.TestRunner@6232ffdb]]>
              </value>
            </param>
          </params>
          <reporter-output>
          </reporter-output>
        </test-method> <!-- tearDown -->
        <test-method status="PASS" signature="tearDown(org.testng.ITestContext)[pri:0, instance:ocean.test.condition.pricing.OCEAN_Pricing_TC_05_06@2362f559]" name="tearDown" is-config="true" duration-ms="55" started-at="2019-12-30T10:18:31 IST" finished-at="2019-12-30T10:18:31 IST">
          <params>
            <param index="0">
              <value>
                <![CDATA[org.testng.TestRunner@6232ffdb]]>
              </value>
            </param>
          </params>
          <reporter-output>
          </reporter-output>
        </test-method> <!-- tearDown -->
      </class> <!-- ocean.test.condition.pricing.OCEAN_Pricing_TC_05_06 -->
    </test> <!-- Cancellation -->
  </suite> <!-- Ocean -->
</testng-results>
